{"name": "Проверка появления нового заказа в разделе \"В работе\"", "status": "broken", "statusDetails": {"message": "selenium.common.exceptions.TimeoutException: Message: \nStacktrace:\nRemoteError@chrome://remote/content/shared/RemoteError.sys.mjs:8:8\nWebDriverError@chrome://remote/content/shared/webdriver/Errors.sys.mjs:193:5\nNoSuchElementError@chrome://remote/content/shared/webdriver/Errors.sys.mjs:511:5\ndom.find/</<@chrome://remote/content/shared/DOM.sys.mjs:136:16", "trace": "self = <tests.test_order_feed_page.TestOrderFeedPage object at 0x7276afb8f7f0>\ndriver = <selenium.webdriver.firefox.webdriver.WebDriver (session=\"12d11bf1-0efb-46c5-b3a9-2a38d0b902f2\")>\ncreate_and_delete_user = ('bzqcwpg@ya.ru', 'Xe$)p8')\n\n    @allure.title('Проверка появления нового заказа в разделе \"В работе\"')\n    def test_check_displaying_new_order_in_work(self, driver, create_and_delete_user):\n    \temail, password = create_and_delete_user\n    \taccount_page = AccountPage(driver)\n    \tfeed_page = OrderFeedPage(driver)\n    \tmain_page = MainPage(driver)\n    \tmain_page.click_button_log_in_account()\n    \taccount_page.send_email_password(email, password)\n    \taccount_page.click_login_button()\n    \tmain_page.wait_visible_checkout_button()\n    \tmain_page.drag_and_drop_ingredient_to_basket()\n    \tmain_page.click_checkout_button()\n    \tnew_order_id = main_page.get_number_in_modal_window_after_create_order()\n    \tmain_page.close_modal_window_after_create_order()\n    \tmain_page.click_feed_button()\n>   \tassert feed_page.get_number_from_order_in_work() == f'0{new_order_id}'\n\ntests/test_order_feed_page.py:96: \n_ _ _ _ _ _ _ _ _ _ _ _ _ _ _ _ _ _ _ _ _ _ _ _ _ _ _ _ _ _ _ _ _ _ _ _ _ _ _ _ _ _ _ _ _ _ _ _ _ _ _ _ _ _ _ _ _ _ _ _ _ _ _ _ _ _ _ _ _ _ _ _ _ _ _ _ _ _ \npages/order_feed_page.py:45: in get_number_from_order_in_work\n    return self.get_text_from_element(OrderFeedPageLocators.NUM_ORDER_IN_WORK)\npages/base_page.py:44: in get_text_from_element\n    return self.find_element_with_wait(locator).text\npages/base_page.py:13: in find_element_with_wait\n    return WebDriverWait(self.driver, 10).until(expected_conditions.visibility_of_element_located(locator))\n_ _ _ _ _ _ _ _ _ _ _ _ _ _ _ _ _ _ _ _ _ _ _ _ _ _ _ _ _ _ _ _ _ _ _ _ _ _ _ _ _ _ _ _ _ _ _ _ _ _ _ _ _ _ _ _ _ _ _ _ _ _ _ _ _ _ _ _ _ _ _ _ _ _ _ _ _ _ \n\nself = <selenium.webdriver.support.wait.WebDriverWait (session=\"12d11bf1-0efb-46c5-b3a9-2a38d0b902f2\")>\nmethod = <function visibility_of_element_located.<locals>._predicate at 0x7276afa4f400>, message = ''\n\n    def until(self, method: Callable[[D], Union[Literal[False], T]], message: str = \"\") -> T:\n        \"\"\"Calls the method provided with the driver as an argument until the \\\n        return value does not evaluate to ``False``.\n    \n        :param method: callable(WebDriver)\n        :param message: optional message for :exc:`TimeoutException`\n        :returns: the result of the last call to `method`\n        :raises: :exc:`selenium.common.exceptions.TimeoutException` if timeout occurs\n        \"\"\"\n        screen = None\n        stacktrace = None\n    \n        end_time = time.monotonic() + self._timeout\n        while True:\n            try:\n                value = method(self._driver)\n                if value:\n                    return value\n            except self._ignored_exceptions as exc:\n                screen = getattr(exc, \"screen\", None)\n                stacktrace = getattr(exc, \"stacktrace\", None)\n            time.sleep(self._poll)\n            if time.monotonic() > end_time:\n                break\n>       raise TimeoutException(message, screen, stacktrace)\nE       selenium.common.exceptions.TimeoutException: Message: \nE       Stacktrace:\nE       RemoteError@chrome://remote/content/shared/RemoteError.sys.mjs:8:8\nE       WebDriverError@chrome://remote/content/shared/webdriver/Errors.sys.mjs:193:5\nE       NoSuchElementError@chrome://remote/content/shared/webdriver/Errors.sys.mjs:511:5\nE       dom.find/</<@chrome://remote/content/shared/DOM.sys.mjs:136:16\n\n.venv/lib/python3.10/site-packages/selenium/webdriver/support/wait.py:105: TimeoutException"}, "steps": [{"name": "Кликнуть по кнопке \"Войти в аккаунт\" на главной", "status": "passed", "steps": [{"name": "Кликнуть на элемент", "status": "passed", "steps": [{"name": "Проверить ,что элемент кликабелен", "status": "passed", "parameters": [{"name": "locator", "value": "('xpath', '//button[ text()=\"Войти в аккаунт\" ]')"}], "start": 1732722162164, "stop": 1732722162201}], "parameters": [{"name": "locator", "value": "('xpath', '//button[ text()=\"Войти в аккаунт\" ]')"}], "start": 1732722162164, "stop": 1732722162495}], "start": 1732722162164, "stop": 1732722162495}, {"name": "Ввести Email и пароль", "status": "passed", "steps": [{"name": "Ввести значение в поле ввода", "status": "passed", "parameters": [{"name": "locator", "value": "('xpath', '//input[@name=\"name\"]')"}, {"name": "keys", "value": "'bzqcwpg@ya.ru'"}], "start": 1732722162495, "stop": 1732722162520}, {"name": "Ввести значение в поле ввода", "status": "passed", "parameters": [{"name": "locator", "value": "('xpath', '//input[@name=\"Пароль\"]')"}, {"name": "keys", "value": "'Xe$)p8'"}], "start": 1732722162520, "stop": 1732722162528}], "parameters": [{"name": "email", "value": "'bzqcwpg@ya.ru'"}, {"name": "password", "value": "'Xe$)p8'"}], "start": 1732722162495, "stop": 1732722162528}, {"name": "Кликнуть по кнопке \"Войти\"", "status": "passed", "steps": [{"name": "Кликнуть на элемент", "status": "passed", "steps": [{"name": "Проверить ,что элемент кликабелен", "status": "passed", "parameters": [{"name": "locator", "value": "('xpath', '//button[ text()=\"Войти\" ]')"}], "start": 1732722162528, "stop": 1732722162534}], "parameters": [{"name": "locator", "value": "('xpath', '//button[ text()=\"Войти\" ]')"}], "start": 1732722162528, "stop": 1732722162818}], "start": 1732722162528, "stop": 1732722162818}, {"name": "Проверка видимости кнопки Оформить заказ", "status": "passed", "steps": [{"name": "Подождать загрузку элемента", "status": "passed", "parameters": [{"name": "locator", "value": "('xpath', '//button[ text()=\"Оформить заказ\" ]')"}], "start": 1732722162818, "stop": 1732722163354}], "start": 1732722162818, "stop": 1732722163354}, {"name": "Перетащить ингредиент в конструктор бургера в корзине", "status": "passed", "steps": [{"name": "Подождать загрузку элемента", "status": "passed", "parameters": [{"name": "locator", "value": "('xpath', '//img[@alt=\"Флюоресцентная булка R2-D3\"]')"}], "start": 1732722163355, "stop": 1732722163371}, {"name": "Подождать загрузку элемента", "status": "passed", "parameters": [{"name": "locator", "value": "('xpath', '//section[contains(@class, \"BurgerConstructor_basket\")]')"}], "start": 1732722163371, "stop": 1732722163382}, {"name": "Перетащить элемент", "status": "passed", "parameters": [{"name": "from_element", "value": "<selenium.webdriver.remote.webelement.WebElement (session=\"12d11bf1-0efb-46c5-b3a9-2a38d0b902f2\", element=\"d56ec83c-73b6-46a0-9eb2-468b93d2aa0e\")>"}, {"name": "to_element", "value": "<selenium.webdriver.remote.webelement.WebElement (session=\"12d11bf1-0efb-46c5-b3a9-2a38d0b902f2\", element=\"b4d5c303-ad8e-4a64-a919-f97fd9bcd23a\")>"}], "start": 1732722163382, "stop": 1732722167986}], "start": 1732722163354, "stop": 1732722167986}, {"name": "Кликнуть по кнопке \"Оформить заказ\" на главной", "status": "passed", "steps": [{"name": "Кликнуть на элемент", "status": "passed", "steps": [{"name": "Проверить ,что элемент кликабелен", "status": "passed", "parameters": [{"name": "locator", "value": "('xpath', '//button[ text()=\"Оформить заказ\" ]')"}], "start": 1732722167987, "stop": 1732722168013}], "parameters": [{"name": "locator", "value": "('xpath', '//button[ text()=\"Оформить заказ\" ]')"}], "start": 1732722167987, "stop": 1732722168286}], "start": 1732722167987, "stop": 1732722168286}, {"name": "Получить номер заказа в модальном окне после создания заказа", "status": "passed", "steps": [{"name": "Подождать смену текста на элементе", "status": "passed", "parameters": [{"name": "locator", "value": "('xpath', '//section[contains(@class, \"Modal_modal_opened\")]//h2')"}, {"name": "value", "value": "'9999'"}], "start": 1732722168286, "stop": 1732722168295}, {"name": "Получить текст из элемента", "status": "passed", "steps": [{"name": "Подождать загрузку элемента", "status": "passed", "parameters": [{"name": "locator", "value": "('xpath', '//section[contains(@class, \"Modal_modal_opened\")]//h2')"}], "start": 1732722168295, "stop": 1732722168304}], "parameters": [{"name": "locator", "value": "('xpath', '//section[contains(@class, \"Modal_modal_opened\")]//h2')"}], "start": 1732722168295, "stop": 1732722168307}], "start": 1732722168286, "stop": 1732722168307}, {"name": "Закрыть модальное окно после создания заказа", "status": "passed", "steps": [{"name": "Подождать смену текста на элементе", "status": "passed", "parameters": [{"name": "locator", "value": "('xpath', \"//button[@type='button']\")"}, {"name": "value", "value": "'9999'"}], "start": 1732722168307, "stop": 1732722168312}, {"name": "Кликнуть на элемент", "status": "passed", "steps": [{"name": "Проверить ,что элемент кликабелен", "status": "passed", "parameters": [{"name": "locator", "value": "('xpath', \"//button[@type='button']\")"}], "start": 1732722168312, "stop": 1732722168318}], "parameters": [{"name": "locator", "value": "('xpath', \"//button[@type='button']\")"}], "start": 1732722168312, "stop": 1732722168586}], "start": 1732722168307, "stop": 1732722168586}, {"name": "Кликнуть по кнопке \"Лента заказов\"", "status": "passed", "steps": [{"name": "Подождать загрузку элемента", "status": "passed", "parameters": [{"name": "locator", "value": "('xpath', '//p[contains(text(),\"Лента Заказов\")]')"}], "start": 1732722168586, "stop": 1732722168597}, {"name": "Кликнуть на элемент", "status": "passed", "steps": [{"name": "Проверить ,что элемент кликабелен", "status": "passed", "parameters": [{"name": "locator", "value": "('xpath', '//p[contains(text(),\"Лента Заказов\")]')"}], "start": 1732722168598, "stop": 1732722168607}], "parameters": [{"name": "locator", "value": "('xpath', '//p[contains(text(),\"Лента Заказов\")]')"}], "start": 1732722168598, "stop": 1732722168890}], "start": 1732722168586, "stop": 1732722168890}, {"name": "Получить номер заказа в \"В работе\"", "status": "broken", "statusDetails": {"message": "selenium.common.exceptions.TimeoutException: Message: \nStacktrace:\nRemoteError@chrome://remote/content/shared/RemoteError.sys.mjs:8:8\nWebDriverError@chrome://remote/content/shared/webdriver/Errors.sys.mjs:193:5\nNoSuchElementError@chrome://remote/content/shared/webdriver/Errors.sys.mjs:511:5\ndom.find/</<@chrome://remote/content/shared/DOM.sys.mjs:136:16\n\n", "trace": "  File \"/home/ivan/yandex/777/.venv/lib/python3.10/site-packages/allure_commons/_allure.py\", line 192, in impl\n    return func(*a, **kw)\n  File \"/home/ivan/yandex/777/pages/order_feed_page.py\", line 45, in get_number_from_order_in_work\n    return self.get_text_from_element(OrderFeedPageLocators.NUM_ORDER_IN_WORK)\n  File \"/home/ivan/yandex/777/.venv/lib/python3.10/site-packages/allure_commons/_allure.py\", line 192, in impl\n    return func(*a, **kw)\n  File \"/home/ivan/yandex/777/pages/base_page.py\", line 44, in get_text_from_element\n    return self.find_element_with_wait(locator).text\n  File \"/home/ivan/yandex/777/.venv/lib/python3.10/site-packages/allure_commons/_allure.py\", line 192, in impl\n    return func(*a, **kw)\n  File \"/home/ivan/yandex/777/pages/base_page.py\", line 13, in find_element_with_wait\n    return WebDriverWait(self.driver, 10).until(expected_conditions.visibility_of_element_located(locator))\n  File \"/home/ivan/yandex/777/.venv/lib/python3.10/site-packages/selenium/webdriver/support/wait.py\", line 105, in until\n    raise TimeoutException(message, screen, stacktrace)\n"}, "steps": [{"name": "Получить текст из элемента", "status": "broken", "statusDetails": {"message": "selenium.common.exceptions.TimeoutException: Message: \nStacktrace:\nRemoteError@chrome://remote/content/shared/RemoteError.sys.mjs:8:8\nWebDriverError@chrome://remote/content/shared/webdriver/Errors.sys.mjs:193:5\nNoSuchElementError@chrome://remote/content/shared/webdriver/Errors.sys.mjs:511:5\ndom.find/</<@chrome://remote/content/shared/DOM.sys.mjs:136:16\n\n", "trace": "  File \"/home/ivan/yandex/777/.venv/lib/python3.10/site-packages/allure_commons/_allure.py\", line 192, in impl\n    return func(*a, **kw)\n  File \"/home/ivan/yandex/777/pages/base_page.py\", line 44, in get_text_from_element\n    return self.find_element_with_wait(locator).text\n  File \"/home/ivan/yandex/777/.venv/lib/python3.10/site-packages/allure_commons/_allure.py\", line 192, in impl\n    return func(*a, **kw)\n  File \"/home/ivan/yandex/777/pages/base_page.py\", line 13, in find_element_with_wait\n    return WebDriverWait(self.driver, 10).until(expected_conditions.visibility_of_element_located(locator))\n  File \"/home/ivan/yandex/777/.venv/lib/python3.10/site-packages/selenium/webdriver/support/wait.py\", line 105, in until\n    raise TimeoutException(message, screen, stacktrace)\n"}, "steps": [{"name": "Подождать загрузку элемента", "status": "broken", "statusDetails": {"message": "selenium.common.exceptions.TimeoutException: Message: \nStacktrace:\nRemoteError@chrome://remote/content/shared/RemoteError.sys.mjs:8:8\nWebDriverError@chrome://remote/content/shared/webdriver/Errors.sys.mjs:193:5\nNoSuchElementError@chrome://remote/content/shared/webdriver/Errors.sys.mjs:511:5\ndom.find/</<@chrome://remote/content/shared/DOM.sys.mjs:136:16\n\n", "trace": "  File \"/home/ivan/yandex/777/.venv/lib/python3.10/site-packages/allure_commons/_allure.py\", line 192, in impl\n    return func(*a, **kw)\n  File \"/home/ivan/yandex/777/pages/base_page.py\", line 13, in find_element_with_wait\n    return WebDriverWait(self.driver, 10).until(expected_conditions.visibility_of_element_located(locator))\n  File \"/home/ivan/yandex/777/.venv/lib/python3.10/site-packages/selenium/webdriver/support/wait.py\", line 105, in until\n    raise TimeoutException(message, screen, stacktrace)\n"}, "parameters": [{"name": "locator", "value": "('xpath', '//ul[contains(@class, \"OrderFeed_orderListReady\")]/li[contains(@class, \"text_type_digits-default\")]')"}], "start": 1732722168891, "stop": 1732722179051}], "parameters": [{"name": "locator", "value": "('xpath', '//ul[contains(@class, \"OrderFeed_orderListReady\")]/li[contains(@class, \"text_type_digits-default\")]')"}], "start": 1732722168891, "stop": 1732722179052}], "start": 1732722168891, "stop": 1732722179052}], "parameters": [{"name": "driver", "value": "'firefox'"}], "start": 1732722162164, "stop": 1732722179053, "uuid": "06880090-de58-44e7-b8e5-8962e93c052d", "historyId": "5289f1a86aca482a608c25ee2b1fda44", "testCaseId": "3fc1907fa8b1d79c05b31631ba8f6536", "fullName": "tests.test_order_feed_page.TestOrderFeedPage#test_check_displaying_new_order_in_work", "labels": [{"name": "parentSuite", "value": "tests"}, {"name": "suite", "value": "test_order_feed_page"}, {"name": "subSuite", "value": "TestOrderFeedPage"}, {"name": "host", "value": "ivan-STC"}, {"name": "thread", "value": "211754-MainThread"}, {"name": "framework", "value": "pytest"}, {"name": "language", "value": "cpython3"}, {"name": "package", "value": "tests.test_order_feed_page"}]}