{"name": "Проверка при создании нового заказа счётчик Выполнено за сегодня увеличивается", "status": "broken", "statusDetails": {"message": "selenium.common.exceptions.TimeoutException: Message: \nStacktrace:\n#0 0x619b99d661ca <unknown>\n#1 0x619b99894f60 <unknown>\n#2 0x619b998e0e76 <unknown>\n#3 0x619b998e1111 <unknown>\n#4 0x619b99925ef4 <unknown>\n#5 0x619b99904d5d <unknown>\n#6 0x619b999232f7 <unknown>\n#7 0x619b99904ad3 <unknown>\n#8 0x619b998d3b6f <unknown>\n#9 0x619b998d4b8e <unknown>\n#10 0x619b99d3431f <unknown>\n#11 0x619b99d38442 <unknown>\n#12 0x619b99d22827 <unknown>\n#13 0x619b99d38bc1 <unknown>\n#14 0x619b99d0968e <unknown>\n#15 0x619b99d54998 <unknown>\n#16 0x619b99d54b9a <unknown>\n#17 0x619b99d64e78 <unknown>\n#18 0x7dc4e89d8ac3 <unknown>", "trace": "self = <tests.test_order_feed_page.TestOrderFeedPage object at 0x7276afb665c0>\ndriver = <selenium.webdriver.chrome.webdriver.WebDriver (session=\"172d8cbbf4469d44e797b0a3fb1c98cc\")>, create_and_delete_user = ('xigom@ya.ru', 'wmrU#4Yv')\n\n    @allure.title('Проверка при создании нового заказа счётчик Выполнено за сегодня увеличивается')\n    def test_inc_counter_all_time_of_orders(self, driver, create_and_delete_user):\n    \temail, password = create_and_delete_user\n    \taccount_page = AccountPage(driver)\n    \tfeed_page = OrderFeedPage(driver)\n    \tmain_page = MainPage(driver)\n    \tmain_page.click_feed_button()\n    \torders_cnt_1 = feed_page.get_cnt_orders_today()\n    \tmain_page.click_constructor_button()\n    \tmain_page.click_button_log_in_account()\n    \taccount_page.send_email_password(email, password)\n    \taccount_page.click_login_button()\n    \tmain_page.wait_visible_checkout_button()\n    \tmain_page.drag_and_drop_ingredient_to_basket()\n    \tmain_page.click_checkout_button()\n    \tmain_page.close_modal_window_after_create_order()\n    \tmain_page.click_personal_account_link()\n>   \taccount_page.check_exit_button()\n\ntests/test_order_feed_page.py:76: \n_ _ _ _ _ _ _ _ _ _ _ _ _ _ _ _ _ _ _ _ _ _ _ _ _ _ _ _ _ _ _ _ _ _ _ _ _ _ _ _ _ _ _ _ _ _ _ _ _ _ _ _ _ _ _ _ _ _ _ _ _ _ _ _ _ _ _ _ _ _ _ _ _ _ _ _ _ _ \npages/account_page.py:35: in check_exit_button\n    self.find_element_with_wait(AccountPageLocators.BUTTON_EXIT_FROM_ACCOUNT)\npages/base_page.py:13: in find_element_with_wait\n    return WebDriverWait(self.driver, 10).until(expected_conditions.visibility_of_element_located(locator))\n_ _ _ _ _ _ _ _ _ _ _ _ _ _ _ _ _ _ _ _ _ _ _ _ _ _ _ _ _ _ _ _ _ _ _ _ _ _ _ _ _ _ _ _ _ _ _ _ _ _ _ _ _ _ _ _ _ _ _ _ _ _ _ _ _ _ _ _ _ _ _ _ _ _ _ _ _ _ \n\nself = <selenium.webdriver.support.wait.WebDriverWait (session=\"172d8cbbf4469d44e797b0a3fb1c98cc\")>\nmethod = <function visibility_of_element_located.<locals>._predicate at 0x7276afa4f370>, message = ''\n\n    def until(self, method: Callable[[D], Union[Literal[False], T]], message: str = \"\") -> T:\n        \"\"\"Calls the method provided with the driver as an argument until the \\\n        return value does not evaluate to ``False``.\n    \n        :param method: callable(WebDriver)\n        :param message: optional message for :exc:`TimeoutException`\n        :returns: the result of the last call to `method`\n        :raises: :exc:`selenium.common.exceptions.TimeoutException` if timeout occurs\n        \"\"\"\n        screen = None\n        stacktrace = None\n    \n        end_time = time.monotonic() + self._timeout\n        while True:\n            try:\n                value = method(self._driver)\n                if value:\n                    return value\n            except self._ignored_exceptions as exc:\n                screen = getattr(exc, \"screen\", None)\n                stacktrace = getattr(exc, \"stacktrace\", None)\n            time.sleep(self._poll)\n            if time.monotonic() > end_time:\n                break\n>       raise TimeoutException(message, screen, stacktrace)\nE       selenium.common.exceptions.TimeoutException: Message: \nE       Stacktrace:\nE       #0 0x619b99d661ca <unknown>\nE       #1 0x619b99894f60 <unknown>\nE       #2 0x619b998e0e76 <unknown>\nE       #3 0x619b998e1111 <unknown>\nE       #4 0x619b99925ef4 <unknown>\nE       #5 0x619b99904d5d <unknown>\nE       #6 0x619b999232f7 <unknown>\nE       #7 0x619b99904ad3 <unknown>\nE       #8 0x619b998d3b6f <unknown>\nE       #9 0x619b998d4b8e <unknown>\nE       #10 0x619b99d3431f <unknown>\nE       #11 0x619b99d38442 <unknown>\nE       #12 0x619b99d22827 <unknown>\nE       #13 0x619b99d38bc1 <unknown>\nE       #14 0x619b99d0968e <unknown>\nE       #15 0x619b99d54998 <unknown>\nE       #16 0x619b99d54b9a <unknown>\nE       #17 0x619b99d64e78 <unknown>\nE       #18 0x7dc4e89d8ac3 <unknown>\n\n.venv/lib/python3.10/site-packages/selenium/webdriver/support/wait.py:105: TimeoutException"}, "steps": [{"name": "Кликнуть по кнопке \"Лента заказов\"", "status": "passed", "steps": [{"name": "Подождать загрузку элемента", "status": "passed", "parameters": [{"name": "locator", "value": "('xpath', '//p[contains(text(),\"Лента Заказов\")]')"}], "start": 1732722099761, "stop": 1732722099796}, {"name": "Кликнуть на элемент", "status": "passed", "steps": [{"name": "Проверить ,что элемент кликабелен", "status": "passed", "parameters": [{"name": "locator", "value": "('xpath', '//p[contains(text(),\"Лента Заказов\")]')"}], "start": 1732722099797, "stop": 1732722099832}], "parameters": [{"name": "locator", "value": "('xpath', '//p[contains(text(),\"Лента Заказов\")]')"}], "start": 1732722099796, "stop": 1732722100125}], "start": 1732722099761, "stop": 1732722100126}, {"name": "Получить количество заказов за сегодня", "status": "passed", "steps": [{"name": "Подождать загрузку элемента", "status": "passed", "parameters": [{"name": "locator", "value": "('xpath', '//p[text()=\"Выполнено за сегодня:\"]/following-sibling::p')"}], "start": 1732722100126, "stop": 1732722100676}, {"name": "Получить текст из элемента", "status": "passed", "steps": [{"name": "Подождать загрузку элемента", "status": "passed", "parameters": [{"name": "locator", "value": "('xpath', '//p[text()=\"Выполнено за сегодня:\"]/following-sibling::p')"}], "start": 1732722100677, "stop": 1732722100705}], "parameters": [{"name": "locator", "value": "('xpath', '//p[text()=\"Выполнено за сегодня:\"]/following-sibling::p')"}], "start": 1732722100676, "stop": 1732722100729}], "start": 1732722100126, "stop": 1732722100730}, {"name": "Кликнуть по кнопке конструктора", "status": "passed", "steps": [{"name": "Кликнуть на элемент", "status": "passed", "steps": [{"name": "Проверить ,что элемент кликабелен", "status": "passed", "parameters": [{"name": "locator", "value": "('xpath', '//p[contains(text(),\"Конструктор\")]')"}], "start": 1732722100730, "stop": 1732722100750}], "parameters": [{"name": "locator", "value": "('xpath', '//p[contains(text(),\"Конструктор\")]')"}], "start": 1732722100730, "stop": 1732722101032}], "start": 1732722100730, "stop": 1732722101032}, {"name": "Кликнуть по кнопке \"Войти в аккаунт\" на главной", "status": "passed", "steps": [{"name": "Кликнуть на элемент", "status": "passed", "steps": [{"name": "Проверить ,что элемент кликабелен", "status": "passed", "parameters": [{"name": "locator", "value": "('xpath', '//button[ text()=\"Войти в аккаунт\" ]')"}], "start": 1732722101033, "stop": 1732722101061}], "parameters": [{"name": "locator", "value": "('xpath', '//button[ text()=\"Войти в аккаунт\" ]')"}], "start": 1732722101032, "stop": 1732722101368}], "start": 1732722101032, "stop": 1732722101368}, {"name": "Ввести Email и пароль", "status": "passed", "steps": [{"name": "Ввести значение в поле ввода", "status": "passed", "parameters": [{"name": "locator", "value": "('xpath', '//input[@name=\"name\"]')"}, {"name": "keys", "value": "'xigom@ya.ru'"}], "start": 1732722101369, "stop": 1732722101427}, {"name": "Ввести значение в поле ввода", "status": "passed", "parameters": [{"name": "locator", "value": "('xpath', '//input[@name=\"Пароль\"]')"}, {"name": "keys", "value": "'wmrU#4Yv'"}], "start": 1732722101427, "stop": 1732722101452}], "parameters": [{"name": "email", "value": "'xigom@ya.ru'"}, {"name": "password", "value": "'wmrU#4Yv'"}], "start": 1732722101368, "stop": 1732722101452}, {"name": "Кликнуть по кнопке \"Войти\"", "status": "passed", "steps": [{"name": "Кликнуть на элемент", "status": "passed", "steps": [{"name": "Проверить ,что элемент кликабелен", "status": "passed", "parameters": [{"name": "locator", "value": "('xpath', '//button[ text()=\"Войти\" ]')"}], "start": 1732722101452, "stop": 1732722101463}], "parameters": [{"name": "locator", "value": "('xpath', '//button[ text()=\"Войти\" ]')"}], "start": 1732722101452, "stop": 1732722101738}], "start": 1732722101452, "stop": 1732722101739}, {"name": "Проверка видимости кнопки Оформить заказ", "status": "passed", "steps": [{"name": "Подождать загрузку элемента", "status": "passed", "parameters": [{"name": "locator", "value": "('xpath', '//button[ text()=\"Оформить заказ\" ]')"}], "start": 1732722101739, "stop": 1732722102285}], "start": 1732722101739, "stop": 1732722102285}, {"name": "Перетащить ингредиент в конструктор бургера в корзине", "status": "passed", "steps": [{"name": "Подождать загрузку элемента", "status": "passed", "parameters": [{"name": "locator", "value": "('xpath', '//img[@alt=\"Флюоресцентная булка R2-D3\"]')"}], "start": 1732722102286, "stop": 1732722102323}, {"name": "Подождать загрузку элемента", "status": "passed", "parameters": [{"name": "locator", "value": "('xpath', '//section[contains(@class, \"BurgerConstructor_basket\")]')"}], "start": 1732722102323, "stop": 1732722102337}, {"name": "Перетащить элемент", "status": "passed", "parameters": [{"name": "from_element", "value": "<selenium.webdriver.remote.webelement.WebElement (session=\"172d8cbbf4469d44e797b0a3fb1c98cc\", element=\"f.044356E6DB614BF56600F275A0107A8C.d.67F733D0A3B8178286EB5BC0E079B71C.e.97\")>"}, {"name": "to_element", "value": "<selenium.webdriver.remote.webelement.WebElement (session=\"172d8cbbf4469d44e797b0a3fb1c98cc\", element=\"f.044356E6DB614BF56600F275A0107A8C.d.67F733D0A3B8178286EB5BC0E079B71C.e.98\")>"}], "start": 1732722102337, "stop": 1732722106905}], "start": 1732722102286, "stop": 1732722106905}, {"name": "Кликнуть по кнопке \"Оформить заказ\" на главной", "status": "passed", "steps": [{"name": "Кликнуть на элемент", "status": "passed", "steps": [{"name": "Проверить ,что элемент кликабелен", "status": "passed", "parameters": [{"name": "locator", "value": "('xpath', '//button[ text()=\"Оформить заказ\" ]')"}], "start": 1732722106905, "stop": 1732722106956}], "parameters": [{"name": "locator", "value": "('xpath', '//button[ text()=\"Оформить заказ\" ]')"}], "start": 1732722106905, "stop": 1732722107236}], "start": 1732722106905, "stop": 1732722107236}, {"name": "Закрыть модальное окно после создания заказа", "status": "passed", "steps": [{"name": "Подождать смену текста на элементе", "status": "passed", "parameters": [{"name": "locator", "value": "('xpath', \"//button[@type='button']\")"}, {"name": "value", "value": "'9999'"}], "start": 1732722107236, "stop": 1732722107266}, {"name": "Кликнуть на элемент", "status": "passed", "steps": [{"name": "Проверить ,что элемент кликабелен", "status": "passed", "parameters": [{"name": "locator", "value": "('xpath', \"//button[@type='button']\")"}], "start": 1732722107267, "stop": 1732722107281}], "parameters": [{"name": "locator", "value": "('xpath', \"//button[@type='button']\")"}], "start": 1732722107266, "stop": 1732722107557}], "start": 1732722107236, "stop": 1732722107557}, {"name": "Кликнуть по кнопке \"Личный кабинет\" на главной", "status": "passed", "steps": [{"name": "Кликнуть на элемент", "status": "passed", "steps": [{"name": "Проверить ,что элемент кликабелен", "status": "passed", "parameters": [{"name": "locator", "value": "('xpath', '//p[contains(text(),\"Личный Кабинет\")]')"}], "start": 1732722107558, "stop": 1732722107600}], "parameters": [{"name": "locator", "value": "('xpath', '//p[contains(text(),\"Личный Кабинет\")]')"}], "start": 1732722107558, "stop": 1732722107873}], "start": 1732722107558, "stop": 1732722107873}, {"name": "Проверка отображения кнопки \"Выход\"", "status": "broken", "statusDetails": {"message": "selenium.common.exceptions.TimeoutException: Message: \nStacktrace:\n#0 0x619b99d661ca <unknown>\n#1 0x619b99894f60 <unknown>\n#2 0x619b998e0e76 <unknown>\n#3 0x619b998e1111 <unknown>\n#4 0x619b99925ef4 <unknown>\n#5 0x619b99904d5d <unknown>\n#6 0x619b999232f7 <unknown>\n#7 0x619b99904ad3 <unknown>\n#8 0x619b998d3b6f <unknown>\n#9 0x619b998d4b8e <unknown>\n#10 0x619b99d3431f <unknown>\n#11 0x619b99d38442 <unknown>\n#12 0x619b99d22827 <unknown>\n#13 0x619b99d38bc1 <unknown>\n#14 0x619b99d0968e <unknown>\n#15 0x619b99d54998 <unknown>\n#16 0x619b99d54b9a <unknown>\n#17 0x619b99d64e78 <unknown>\n#18 0x7dc4e89d8ac3 <unknown>\n\n", "trace": "  File \"/home/ivan/yandex/777/.venv/lib/python3.10/site-packages/allure_commons/_allure.py\", line 192, in impl\n    return func(*a, **kw)\n  File \"/home/ivan/yandex/777/pages/account_page.py\", line 35, in check_exit_button\n    self.find_element_with_wait(AccountPageLocators.BUTTON_EXIT_FROM_ACCOUNT)\n  File \"/home/ivan/yandex/777/.venv/lib/python3.10/site-packages/allure_commons/_allure.py\", line 192, in impl\n    return func(*a, **kw)\n  File \"/home/ivan/yandex/777/pages/base_page.py\", line 13, in find_element_with_wait\n    return WebDriverWait(self.driver, 10).until(expected_conditions.visibility_of_element_located(locator))\n  File \"/home/ivan/yandex/777/.venv/lib/python3.10/site-packages/selenium/webdriver/support/wait.py\", line 105, in until\n    raise TimeoutException(message, screen, stacktrace)\n"}, "steps": [{"name": "Подождать загрузку элемента", "status": "broken", "statusDetails": {"message": "selenium.common.exceptions.TimeoutException: Message: \nStacktrace:\n#0 0x619b99d661ca <unknown>\n#1 0x619b99894f60 <unknown>\n#2 0x619b998e0e76 <unknown>\n#3 0x619b998e1111 <unknown>\n#4 0x619b99925ef4 <unknown>\n#5 0x619b99904d5d <unknown>\n#6 0x619b999232f7 <unknown>\n#7 0x619b99904ad3 <unknown>\n#8 0x619b998d3b6f <unknown>\n#9 0x619b998d4b8e <unknown>\n#10 0x619b99d3431f <unknown>\n#11 0x619b99d38442 <unknown>\n#12 0x619b99d22827 <unknown>\n#13 0x619b99d38bc1 <unknown>\n#14 0x619b99d0968e <unknown>\n#15 0x619b99d54998 <unknown>\n#16 0x619b99d54b9a <unknown>\n#17 0x619b99d64e78 <unknown>\n#18 0x7dc4e89d8ac3 <unknown>\n\n", "trace": "  File \"/home/ivan/yandex/777/.venv/lib/python3.10/site-packages/allure_commons/_allure.py\", line 192, in impl\n    return func(*a, **kw)\n  File \"/home/ivan/yandex/777/pages/base_page.py\", line 13, in find_element_with_wait\n    return WebDriverWait(self.driver, 10).until(expected_conditions.visibility_of_element_located(locator))\n  File \"/home/ivan/yandex/777/.venv/lib/python3.10/site-packages/selenium/webdriver/support/wait.py\", line 105, in until\n    raise TimeoutException(message, screen, stacktrace)\n"}, "parameters": [{"name": "locator", "value": "('xpath', '//button[contains(text(), \"Выход\")]')"}], "start": 1732722107873, "stop": 1732722118273}], "start": 1732722107873, "stop": 1732722118274}], "parameters": [{"name": "driver", "value": "'chrome'"}], "start": 1732722099760, "stop": 1732722118275, "uuid": "de096726-d0cf-446b-a054-5ec006835424", "historyId": "0b28c04c9d2fdd3707c472eeac04a736", "testCaseId": "f95e567152bbbc81ed95314801c9e7ee", "fullName": "tests.test_order_feed_page.TestOrderFeedPage#test_inc_counter_all_time_of_orders", "labels": [{"name": "parentSuite", "value": "tests"}, {"name": "suite", "value": "test_order_feed_page"}, {"name": "subSuite", "value": "TestOrderFeedPage"}, {"name": "host", "value": "ivan-STC"}, {"name": "thread", "value": "211754-MainThread"}, {"name": "framework", "value": "pytest"}, {"name": "language", "value": "cpython3"}, {"name": "package", "value": "tests.test_order_feed_page"}]}