{"name": "Проверка при создании нового заказа счётчик Выполнено за сегодня увеличивается", "status": "broken", "statusDetails": {"message": "selenium.common.exceptions.TimeoutException: Message: \nStacktrace:\nRemoteError@chrome://remote/content/shared/RemoteError.sys.mjs:8:8\nWebDriverError@chrome://remote/content/shared/webdriver/Errors.sys.mjs:193:5\nNoSuchElementError@chrome://remote/content/shared/webdriver/Errors.sys.mjs:511:5\ndom.find/</<@chrome://remote/content/shared/DOM.sys.mjs:136:16", "trace": "self = <tests.test_order_feed_page.TestOrderFeedPage object at 0x7276afb8ea10>\ndriver = <selenium.webdriver.firefox.webdriver.WebDriver (session=\"13a830bc-c524-412b-b317-532944de52c3\")>\ncreate_and_delete_user = ('vukc@ya.ru', 'KIx4J5Lz!q')\n\n    @allure.title('Проверка при создании нового заказа счётчик Выполнено за сегодня увеличивается')\n    def test_inc_counter_all_time_of_orders(self, driver, create_and_delete_user):\n    \temail, password = create_and_delete_user\n    \taccount_page = AccountPage(driver)\n    \tfeed_page = OrderFeedPage(driver)\n    \tmain_page = MainPage(driver)\n    \tmain_page.click_feed_button()\n    \torders_cnt_1 = feed_page.get_cnt_orders_today()\n    \tmain_page.click_constructor_button()\n    \tmain_page.click_button_log_in_account()\n    \taccount_page.send_email_password(email, password)\n    \taccount_page.click_login_button()\n    \tmain_page.wait_visible_checkout_button()\n    \tmain_page.drag_and_drop_ingredient_to_basket()\n    \tmain_page.click_checkout_button()\n    \tmain_page.close_modal_window_after_create_order()\n    \tmain_page.click_personal_account_link()\n>   \taccount_page.check_exit_button()\n\ntests/test_order_feed_page.py:76: \n_ _ _ _ _ _ _ _ _ _ _ _ _ _ _ _ _ _ _ _ _ _ _ _ _ _ _ _ _ _ _ _ _ _ _ _ _ _ _ _ _ _ _ _ _ _ _ _ _ _ _ _ _ _ _ _ _ _ _ _ _ _ _ _ _ _ _ _ _ _ _ _ _ _ _ _ _ _ \npages/account_page.py:35: in check_exit_button\n    self.find_element_with_wait(AccountPageLocators.BUTTON_EXIT_FROM_ACCOUNT)\npages/base_page.py:13: in find_element_with_wait\n    return WebDriverWait(self.driver, 10).until(expected_conditions.visibility_of_element_located(locator))\n_ _ _ _ _ _ _ _ _ _ _ _ _ _ _ _ _ _ _ _ _ _ _ _ _ _ _ _ _ _ _ _ _ _ _ _ _ _ _ _ _ _ _ _ _ _ _ _ _ _ _ _ _ _ _ _ _ _ _ _ _ _ _ _ _ _ _ _ _ _ _ _ _ _ _ _ _ _ \n\nself = <selenium.webdriver.support.wait.WebDriverWait (session=\"13a830bc-c524-412b-b317-532944de52c3\")>\nmethod = <function visibility_of_element_located.<locals>._predicate at 0x7276afa4fc70>, message = ''\n\n    def until(self, method: Callable[[D], Union[Literal[False], T]], message: str = \"\") -> T:\n        \"\"\"Calls the method provided with the driver as an argument until the \\\n        return value does not evaluate to ``False``.\n    \n        :param method: callable(WebDriver)\n        :param message: optional message for :exc:`TimeoutException`\n        :returns: the result of the last call to `method`\n        :raises: :exc:`selenium.common.exceptions.TimeoutException` if timeout occurs\n        \"\"\"\n        screen = None\n        stacktrace = None\n    \n        end_time = time.monotonic() + self._timeout\n        while True:\n            try:\n                value = method(self._driver)\n                if value:\n                    return value\n            except self._ignored_exceptions as exc:\n                screen = getattr(exc, \"screen\", None)\n                stacktrace = getattr(exc, \"stacktrace\", None)\n            time.sleep(self._poll)\n            if time.monotonic() > end_time:\n                break\n>       raise TimeoutException(message, screen, stacktrace)\nE       selenium.common.exceptions.TimeoutException: Message: \nE       Stacktrace:\nE       RemoteError@chrome://remote/content/shared/RemoteError.sys.mjs:8:8\nE       WebDriverError@chrome://remote/content/shared/webdriver/Errors.sys.mjs:193:5\nE       NoSuchElementError@chrome://remote/content/shared/webdriver/Errors.sys.mjs:511:5\nE       dom.find/</<@chrome://remote/content/shared/DOM.sys.mjs:136:16\n\n.venv/lib/python3.10/site-packages/selenium/webdriver/support/wait.py:105: TimeoutException"}, "steps": [{"name": "Кликнуть по кнопке \"Лента заказов\"", "status": "passed", "steps": [{"name": "Подождать загрузку элемента", "status": "passed", "parameters": [{"name": "locator", "value": "('xpath', '//p[contains(text(),\"Лента Заказов\")]')"}], "start": 1732722123052, "stop": 1732722123086}, {"name": "Кликнуть на элемент", "status": "passed", "steps": [{"name": "Проверить ,что элемент кликабелен", "status": "passed", "parameters": [{"name": "locator", "value": "('xpath', '//p[contains(text(),\"Лента Заказов\")]')"}], "start": 1732722123086, "stop": 1732722123121}], "parameters": [{"name": "locator", "value": "('xpath', '//p[contains(text(),\"Лента Заказов\")]')"}], "start": 1732722123086, "stop": 1732722123424}], "start": 1732722123052, "stop": 1732722123424}, {"name": "Получить количество заказов за сегодня", "status": "passed", "steps": [{"name": "Подождать загрузку элемента", "status": "passed", "parameters": [{"name": "locator", "value": "('xpath', '//p[text()=\"Выполнено за сегодня:\"]/following-sibling::p')"}], "start": 1732722123424, "stop": 1732722125474}, {"name": "Получить текст из элемента", "status": "passed", "steps": [{"name": "Подождать загрузку элемента", "status": "passed", "parameters": [{"name": "locator", "value": "('xpath', '//p[text()=\"Выполнено за сегодня:\"]/following-sibling::p')"}], "start": 1732722125475, "stop": 1732722125497}], "parameters": [{"name": "locator", "value": "('xpath', '//p[text()=\"Выполнено за сегодня:\"]/following-sibling::p')"}], "start": 1732722125475, "stop": 1732722125514}], "start": 1732722123424, "stop": 1732722125514}, {"name": "Кликнуть по кнопке конструктора", "status": "passed", "steps": [{"name": "Кликнуть на элемент", "status": "passed", "steps": [{"name": "Проверить ,что элемент кликабелен", "status": "passed", "parameters": [{"name": "locator", "value": "('xpath', '//p[contains(text(),\"Конструктор\")]')"}], "start": 1732722125515, "stop": 1732722125543}], "parameters": [{"name": "locator", "value": "('xpath', '//p[contains(text(),\"Конструктор\")]')"}], "start": 1732722125515, "stop": 1732722125831}], "start": 1732722125514, "stop": 1732722125831}, {"name": "Кликнуть по кнопке \"Войти в аккаунт\" на главной", "status": "passed", "steps": [{"name": "Кликнуть на элемент", "status": "passed", "steps": [{"name": "Проверить ,что элемент кликабелен", "status": "passed", "parameters": [{"name": "locator", "value": "('xpath', '//button[ text()=\"Войти в аккаунт\" ]')"}], "start": 1732722125831, "stop": 1732722125839}], "parameters": [{"name": "locator", "value": "('xpath', '//button[ text()=\"Войти в аккаунт\" ]')"}], "start": 1732722125831, "stop": 1732722126124}], "start": 1732722125831, "stop": 1732722126124}, {"name": "Ввести Email и пароль", "status": "passed", "steps": [{"name": "Ввести значение в поле ввода", "status": "passed", "parameters": [{"name": "locator", "value": "('xpath', '//input[@name=\"name\"]')"}, {"name": "keys", "value": "'vukc@ya.ru'"}], "start": 1732722126125, "stop": 1732722126151}, {"name": "Ввести значение в поле ввода", "status": "passed", "parameters": [{"name": "locator", "value": "('xpath', '//input[@name=\"Пароль\"]')"}, {"name": "keys", "value": "'KIx4J5Lz!q'"}], "start": 1732722126151, "stop": 1732722126161}], "parameters": [{"name": "email", "value": "'vukc@ya.ru'"}, {"name": "password", "value": "'KIx4J5Lz!q'"}], "start": 1732722126125, "stop": 1732722126161}, {"name": "Кликнуть по кнопке \"Войти\"", "status": "passed", "steps": [{"name": "Кликнуть на элемент", "status": "passed", "steps": [{"name": "Проверить ,что элемент кликабелен", "status": "passed", "parameters": [{"name": "locator", "value": "('xpath', '//button[ text()=\"Войти\" ]')"}], "start": 1732722126161, "stop": 1732722126170}], "parameters": [{"name": "locator", "value": "('xpath', '//button[ text()=\"Войти\" ]')"}], "start": 1732722126161, "stop": 1732722126462}], "start": 1732722126161, "stop": 1732722126462}, {"name": "Проверка видимости кнопки Оформить заказ", "status": "passed", "steps": [{"name": "Подождать загрузку элемента", "status": "passed", "parameters": [{"name": "locator", "value": "('xpath', '//button[ text()=\"Оформить заказ\" ]')"}], "start": 1732722126462, "stop": 1732722127507}], "start": 1732722126462, "stop": 1732722127507}, {"name": "Перетащить ингредиент в конструктор бургера в корзине", "status": "passed", "steps": [{"name": "Подождать загрузку элемента", "status": "passed", "parameters": [{"name": "locator", "value": "('xpath', '//img[@alt=\"Флюоресцентная булка R2-D3\"]')"}], "start": 1732722127508, "stop": 1732722127520}, {"name": "Подождать загрузку элемента", "status": "passed", "parameters": [{"name": "locator", "value": "('xpath', '//section[contains(@class, \"BurgerConstructor_basket\")]')"}], "start": 1732722127520, "stop": 1732722127528}, {"name": "Перетащить элемент", "status": "passed", "parameters": [{"name": "from_element", "value": "<selenium.webdriver.remote.webelement.WebElement (session=\"13a830bc-c524-412b-b317-532944de52c3\", element=\"92d05fbe-a893-4962-9dff-a883e9068e0a\")>"}, {"name": "to_element", "value": "<selenium.webdriver.remote.webelement.WebElement (session=\"13a830bc-c524-412b-b317-532944de52c3\", element=\"9ade9b61-62d9-4e73-bb22-74fb46b51c52\")>"}], "start": 1732722127528, "stop": 1732722132124}], "start": 1732722127507, "stop": 1732722132124}, {"name": "Кликнуть по кнопке \"Оформить заказ\" на главной", "status": "passed", "steps": [{"name": "Кликнуть на элемент", "status": "passed", "steps": [{"name": "Проверить ,что элемент кликабелен", "status": "passed", "parameters": [{"name": "locator", "value": "('xpath', '//button[ text()=\"Оформить заказ\" ]')"}], "start": 1732722132125, "stop": 1732722132152}], "parameters": [{"name": "locator", "value": "('xpath', '//button[ text()=\"Оформить заказ\" ]')"}], "start": 1732722132125, "stop": 1732722132451}], "start": 1732722132124, "stop": 1732722132451}, {"name": "Закрыть модальное окно после создания заказа", "status": "passed", "steps": [{"name": "Подождать смену текста на элементе", "status": "passed", "parameters": [{"name": "locator", "value": "('xpath', \"//button[@type='button']\")"}, {"name": "value", "value": "'9999'"}], "start": 1732722132451, "stop": 1732722132457}, {"name": "Кликнуть на элемент", "status": "passed", "steps": [{"name": "Проверить ,что элемент кликабелен", "status": "passed", "parameters": [{"name": "locator", "value": "('xpath', \"//button[@type='button']\")"}], "start": 1732722132457, "stop": 1732722132463}], "parameters": [{"name": "locator", "value": "('xpath', \"//button[@type='button']\")"}], "start": 1732722132457, "stop": 1732722132732}], "start": 1732722132451, "stop": 1732722132732}, {"name": "Кликнуть по кнопке \"Личный кабинет\" на главной", "status": "passed", "steps": [{"name": "Кликнуть на элемент", "status": "passed", "steps": [{"name": "Проверить ,что элемент кликабелен", "status": "passed", "parameters": [{"name": "locator", "value": "('xpath', '//p[contains(text(),\"Личный Кабинет\")]')"}], "start": 1732722132733, "stop": 1732722132752}], "parameters": [{"name": "locator", "value": "('xpath', '//p[contains(text(),\"Личный Кабинет\")]')"}], "start": 1732722132732, "stop": 1732722133027}], "start": 1732722132732, "stop": 1732722133027}, {"name": "Проверка отображения кнопки \"Выход\"", "status": "broken", "statusDetails": {"message": "selenium.common.exceptions.TimeoutException: Message: \nStacktrace:\nRemoteError@chrome://remote/content/shared/RemoteError.sys.mjs:8:8\nWebDriverError@chrome://remote/content/shared/webdriver/Errors.sys.mjs:193:5\nNoSuchElementError@chrome://remote/content/shared/webdriver/Errors.sys.mjs:511:5\ndom.find/</<@chrome://remote/content/shared/DOM.sys.mjs:136:16\n\n", "trace": "  File \"/home/ivan/yandex/777/.venv/lib/python3.10/site-packages/allure_commons/_allure.py\", line 192, in impl\n    return func(*a, **kw)\n  File \"/home/ivan/yandex/777/pages/account_page.py\", line 35, in check_exit_button\n    self.find_element_with_wait(AccountPageLocators.BUTTON_EXIT_FROM_ACCOUNT)\n  File \"/home/ivan/yandex/777/.venv/lib/python3.10/site-packages/allure_commons/_allure.py\", line 192, in impl\n    return func(*a, **kw)\n  File \"/home/ivan/yandex/777/pages/base_page.py\", line 13, in find_element_with_wait\n    return WebDriverWait(self.driver, 10).until(expected_conditions.visibility_of_element_located(locator))\n  File \"/home/ivan/yandex/777/.venv/lib/python3.10/site-packages/selenium/webdriver/support/wait.py\", line 105, in until\n    raise TimeoutException(message, screen, stacktrace)\n"}, "steps": [{"name": "Подождать загрузку элемента", "status": "broken", "statusDetails": {"message": "selenium.common.exceptions.TimeoutException: Message: \nStacktrace:\nRemoteError@chrome://remote/content/shared/RemoteError.sys.mjs:8:8\nWebDriverError@chrome://remote/content/shared/webdriver/Errors.sys.mjs:193:5\nNoSuchElementError@chrome://remote/content/shared/webdriver/Errors.sys.mjs:511:5\ndom.find/</<@chrome://remote/content/shared/DOM.sys.mjs:136:16\n\n", "trace": "  File \"/home/ivan/yandex/777/.venv/lib/python3.10/site-packages/allure_commons/_allure.py\", line 192, in impl\n    return func(*a, **kw)\n  File \"/home/ivan/yandex/777/pages/base_page.py\", line 13, in find_element_with_wait\n    return WebDriverWait(self.driver, 10).until(expected_conditions.visibility_of_element_located(locator))\n  File \"/home/ivan/yandex/777/.venv/lib/python3.10/site-packages/selenium/webdriver/support/wait.py\", line 105, in until\n    raise TimeoutException(message, screen, stacktrace)\n"}, "parameters": [{"name": "locator", "value": "('xpath', '//button[contains(text(), \"Выход\")]')"}], "start": 1732722133028, "stop": 1732722143184}], "start": 1732722133028, "stop": 1732722143184}], "parameters": [{"name": "driver", "value": "'firefox'"}], "start": 1732722123052, "stop": 1732722143185, "uuid": "867af096-c1ac-475f-a7ec-8746cf5ddc77", "historyId": "0e6ad60a2016f845481bb2c99584fb20", "testCaseId": "f95e567152bbbc81ed95314801c9e7ee", "fullName": "tests.test_order_feed_page.TestOrderFeedPage#test_inc_counter_all_time_of_orders", "labels": [{"name": "parentSuite", "value": "tests"}, {"name": "suite", "value": "test_order_feed_page"}, {"name": "subSuite", "value": "TestOrderFeedPage"}, {"name": "host", "value": "ivan-STC"}, {"name": "thread", "value": "211754-MainThread"}, {"name": "framework", "value": "pytest"}, {"name": "language", "value": "cpython3"}, {"name": "package", "value": "tests.test_order_feed_page"}]}