{"name": "Проверка,что заказы пользователя из раздела «История заказов» отображаются на странице «Лента заказов»", "status": "broken", "statusDetails": {"message": "selenium.common.exceptions.TimeoutException: Message: \nStacktrace:\n#0 0x576954f101ca <unknown>\n#1 0x576954a3ef60 <unknown>\n#2 0x576954a8ae76 <unknown>\n#3 0x576954a8b111 <unknown>\n#4 0x576954acfef4 <unknown>\n#5 0x576954aaed5d <unknown>\n#6 0x576954acd2f7 <unknown>\n#7 0x576954aaead3 <unknown>\n#8 0x576954a7db6f <unknown>\n#9 0x576954a7eb8e <unknown>\n#10 0x576954ede31f <unknown>\n#11 0x576954ee2442 <unknown>\n#12 0x576954ecc827 <unknown>\n#13 0x576954ee2bc1 <unknown>\n#14 0x576954eb368e <unknown>\n#15 0x576954efe998 <unknown>\n#16 0x576954efeb9a <unknown>\n#17 0x576954f0ee78 <unknown>\n#18 0x76e0fec29ac3 <unknown>", "trace": "self = <tests.test_order_feed_page.TestOrderFeedPage object at 0x7276afb66980>\ndriver = <selenium.webdriver.chrome.webdriver.WebDriver (session=\"4ba9a0e68659bc5be35083173555e644\")>\ncreate_and_delete_user = ('hvcuerqm@ya.ru', 'WgV$M^2Uy')\n\n    @allure.title('Проверка,что заказы пользователя из раздела «История заказов» отображаются на странице «Лента заказов»')\n    def test_displaying_in_feed_new_order_from_history(self, driver, create_and_delete_user):\n    \temail, password = create_and_delete_user\n    \taccount_page = AccountPage(driver)\n    \tfeed_page = OrderFeedPage(driver)\n    \tmain_page = MainPage(driver)\n    \tmain_page.click_button_log_in_account()\n    \taccount_page.send_email_password(email, password)\n    \taccount_page.click_login_button()\n    \tmain_page.wait_visible_checkout_button()\n    \tmain_page.drag_and_drop_ingredient_to_basket()\n    \tmain_page.click_checkout_button()\n    \tmain_page.close_modal_window_after_create_order()\n    \tmain_page.click_personal_account_link()\n>   \taccount_page.check_exit_button()\n\ntests/test_order_feed_page.py:31: \n_ _ _ _ _ _ _ _ _ _ _ _ _ _ _ _ _ _ _ _ _ _ _ _ _ _ _ _ _ _ _ _ _ _ _ _ _ _ _ _ _ _ _ _ _ _ _ _ _ _ _ _ _ _ _ _ _ _ _ _ _ _ _ _ _ _ _ _ _ _ _ _ _ _ _ _ _ _ \npages/account_page.py:35: in check_exit_button\n    self.find_element_with_wait(AccountPageLocators.BUTTON_EXIT_FROM_ACCOUNT)\npages/base_page.py:13: in find_element_with_wait\n    return WebDriverWait(self.driver, 10).until(expected_conditions.visibility_of_element_located(locator))\n_ _ _ _ _ _ _ _ _ _ _ _ _ _ _ _ _ _ _ _ _ _ _ _ _ _ _ _ _ _ _ _ _ _ _ _ _ _ _ _ _ _ _ _ _ _ _ _ _ _ _ _ _ _ _ _ _ _ _ _ _ _ _ _ _ _ _ _ _ _ _ _ _ _ _ _ _ _ \n\nself = <selenium.webdriver.support.wait.WebDriverWait (session=\"4ba9a0e68659bc5be35083173555e644\")>\nmethod = <function visibility_of_element_located.<locals>._predicate at 0x7276afae4670>, message = ''\n\n    def until(self, method: Callable[[D], Union[Literal[False], T]], message: str = \"\") -> T:\n        \"\"\"Calls the method provided with the driver as an argument until the \\\n        return value does not evaluate to ``False``.\n    \n        :param method: callable(WebDriver)\n        :param message: optional message for :exc:`TimeoutException`\n        :returns: the result of the last call to `method`\n        :raises: :exc:`selenium.common.exceptions.TimeoutException` if timeout occurs\n        \"\"\"\n        screen = None\n        stacktrace = None\n    \n        end_time = time.monotonic() + self._timeout\n        while True:\n            try:\n                value = method(self._driver)\n                if value:\n                    return value\n            except self._ignored_exceptions as exc:\n                screen = getattr(exc, \"screen\", None)\n                stacktrace = getattr(exc, \"stacktrace\", None)\n            time.sleep(self._poll)\n            if time.monotonic() > end_time:\n                break\n>       raise TimeoutException(message, screen, stacktrace)\nE       selenium.common.exceptions.TimeoutException: Message: \nE       Stacktrace:\nE       #0 0x576954f101ca <unknown>\nE       #1 0x576954a3ef60 <unknown>\nE       #2 0x576954a8ae76 <unknown>\nE       #3 0x576954a8b111 <unknown>\nE       #4 0x576954acfef4 <unknown>\nE       #5 0x576954aaed5d <unknown>\nE       #6 0x576954acd2f7 <unknown>\nE       #7 0x576954aaead3 <unknown>\nE       #8 0x576954a7db6f <unknown>\nE       #9 0x576954a7eb8e <unknown>\nE       #10 0x576954ede31f <unknown>\nE       #11 0x576954ee2442 <unknown>\nE       #12 0x576954ecc827 <unknown>\nE       #13 0x576954ee2bc1 <unknown>\nE       #14 0x576954eb368e <unknown>\nE       #15 0x576954efe998 <unknown>\nE       #16 0x576954efeb9a <unknown>\nE       #17 0x576954f0ee78 <unknown>\nE       #18 0x76e0fec29ac3 <unknown>\n\n.venv/lib/python3.10/site-packages/selenium/webdriver/support/wait.py:105: TimeoutException"}, "steps": [{"name": "Кликнуть по кнопке \"Войти в аккаунт\" на главной", "status": "passed", "steps": [{"name": "Кликнуть на элемент", "status": "passed", "steps": [{"name": "Проверить ,что элемент кликабелен", "status": "passed", "parameters": [{"name": "locator", "value": "('xpath', '//button[ text()=\"Войти в аккаунт\" ]')"}], "start": 1732722058486, "stop": 1732722058560}], "parameters": [{"name": "locator", "value": "('xpath', '//button[ text()=\"Войти в аккаунт\" ]')"}], "start": 1732722058486, "stop": 1732722058884}], "start": 1732722058486, "stop": 1732722058884}, {"name": "Ввести Email и пароль", "status": "passed", "steps": [{"name": "Ввести значение в поле ввода", "status": "passed", "parameters": [{"name": "locator", "value": "('xpath', '//input[@name=\"name\"]')"}, {"name": "keys", "value": "'hvcuerqm@ya.ru'"}], "start": 1732722058884, "stop": 1732722058938}, {"name": "Ввести значение в поле ввода", "status": "passed", "parameters": [{"name": "locator", "value": "('xpath', '//input[@name=\"Пароль\"]')"}, {"name": "keys", "value": "'WgV$M^2Uy'"}], "start": 1732722058939, "stop": 1732722059019}], "parameters": [{"name": "email", "value": "'hvcuerqm@ya.ru'"}, {"name": "password", "value": "'WgV$M^2Uy'"}], "start": 1732722058884, "stop": 1732722059019}, {"name": "Кликнуть по кнопке \"Войти\"", "status": "passed", "steps": [{"name": "Кликнуть на элемент", "status": "passed", "steps": [{"name": "Проверить ,что элемент кликабелен", "status": "passed", "parameters": [{"name": "locator", "value": "('xpath', '//button[ text()=\"Войти\" ]')"}], "start": 1732722059019, "stop": 1732722059036}], "parameters": [{"name": "locator", "value": "('xpath', '//button[ text()=\"Войти\" ]')"}], "start": 1732722059019, "stop": 1732722059326}], "start": 1732722059019, "stop": 1732722059326}, {"name": "Проверка видимости кнопки Оформить заказ", "status": "passed", "steps": [{"name": "Подождать загрузку элемента", "status": "passed", "parameters": [{"name": "locator", "value": "('xpath', '//button[ text()=\"Оформить заказ\" ]')"}], "start": 1732722059326, "stop": 1732722059892}], "start": 1732722059326, "stop": 1732722059892}, {"name": "Перетащить ингредиент в конструктор бургера в корзине", "status": "passed", "steps": [{"name": "Подождать загрузку элемента", "status": "passed", "parameters": [{"name": "locator", "value": "('xpath', '//img[@alt=\"Флюоресцентная булка R2-D3\"]')"}], "start": 1732722059893, "stop": 1732722059933}, {"name": "Подождать загрузку элемента", "status": "passed", "parameters": [{"name": "locator", "value": "('xpath', '//section[contains(@class, \"BurgerConstructor_basket\")]')"}], "start": 1732722059934, "stop": 1732722059957}, {"name": "Перетащить элемент", "status": "passed", "parameters": [{"name": "from_element", "value": "<selenium.webdriver.remote.webelement.WebElement (session=\"4ba9a0e68659bc5be35083173555e644\", element=\"f.1FD420301E33ACE2A37BB700DAE9948F.d.731C985FFB73982ECCF49133D1BB020C.e.92\")>"}, {"name": "to_element", "value": "<selenium.webdriver.remote.webelement.WebElement (session=\"4ba9a0e68659bc5be35083173555e644\", element=\"f.1FD420301E33ACE2A37BB700DAE9948F.d.731C985FFB73982ECCF49133D1BB020C.e.93\")>"}], "start": 1732722059957, "stop": 1732722064521}], "start": 1732722059893, "stop": 1732722064521}, {"name": "Кликнуть по кнопке \"Оформить заказ\" на главной", "status": "passed", "steps": [{"name": "Кликнуть на элемент", "status": "passed", "steps": [{"name": "Проверить ,что элемент кликабелен", "status": "passed", "parameters": [{"name": "locator", "value": "('xpath', '//button[ text()=\"Оформить заказ\" ]')"}], "start": 1732722064522, "stop": 1732722064570}], "parameters": [{"name": "locator", "value": "('xpath', '//button[ text()=\"Оформить заказ\" ]')"}], "start": 1732722064522, "stop": 1732722064849}], "start": 1732722064521, "stop": 1732722064849}, {"name": "Закрыть модальное окно после создания заказа", "status": "passed", "steps": [{"name": "Подождать смену текста на элементе", "status": "passed", "parameters": [{"name": "locator", "value": "('xpath', \"//button[@type='button']\")"}, {"name": "value", "value": "'9999'"}], "start": 1732722064850, "stop": 1732722064888}, {"name": "Кликнуть на элемент", "status": "passed", "steps": [{"name": "Проверить ,что элемент кликабелен", "status": "passed", "parameters": [{"name": "locator", "value": "('xpath', \"//button[@type='button']\")"}], "start": 1732722064888, "stop": 1732722064899}], "parameters": [{"name": "locator", "value": "('xpath', \"//button[@type='button']\")"}], "start": 1732722064888, "stop": 1732722065176}], "start": 1732722064850, "stop": 1732722065176}, {"name": "Кликнуть по кнопке \"Личный кабинет\" на главной", "status": "passed", "steps": [{"name": "Кликнуть на элемент", "status": "passed", "steps": [{"name": "Проверить ,что элемент кликабелен", "status": "passed", "parameters": [{"name": "locator", "value": "('xpath', '//p[contains(text(),\"Личный Кабинет\")]')"}], "start": 1732722065177, "stop": 1732722065230}], "parameters": [{"name": "locator", "value": "('xpath', '//p[contains(text(),\"Личный Кабинет\")]')"}], "start": 1732722065177, "stop": 1732722065507}], "start": 1732722065177, "stop": 1732722065507}, {"name": "Проверка отображения кнопки \"Выход\"", "status": "broken", "statusDetails": {"message": "selenium.common.exceptions.TimeoutException: Message: \nStacktrace:\n#0 0x576954f101ca <unknown>\n#1 0x576954a3ef60 <unknown>\n#2 0x576954a8ae76 <unknown>\n#3 0x576954a8b111 <unknown>\n#4 0x576954acfef4 <unknown>\n#5 0x576954aaed5d <unknown>\n#6 0x576954acd2f7 <unknown>\n#7 0x576954aaead3 <unknown>\n#8 0x576954a7db6f <unknown>\n#9 0x576954a7eb8e <unknown>\n#10 0x576954ede31f <unknown>\n#11 0x576954ee2442 <unknown>\n#12 0x576954ecc827 <unknown>\n#13 0x576954ee2bc1 <unknown>\n#14 0x576954eb368e <unknown>\n#15 0x576954efe998 <unknown>\n#16 0x576954efeb9a <unknown>\n#17 0x576954f0ee78 <unknown>\n#18 0x76e0fec29ac3 <unknown>\n\n", "trace": "  File \"/home/ivan/yandex/777/.venv/lib/python3.10/site-packages/allure_commons/_allure.py\", line 192, in impl\n    return func(*a, **kw)\n  File \"/home/ivan/yandex/777/pages/account_page.py\", line 35, in check_exit_button\n    self.find_element_with_wait(AccountPageLocators.BUTTON_EXIT_FROM_ACCOUNT)\n  File \"/home/ivan/yandex/777/.venv/lib/python3.10/site-packages/allure_commons/_allure.py\", line 192, in impl\n    return func(*a, **kw)\n  File \"/home/ivan/yandex/777/pages/base_page.py\", line 13, in find_element_with_wait\n    return WebDriverWait(self.driver, 10).until(expected_conditions.visibility_of_element_located(locator))\n  File \"/home/ivan/yandex/777/.venv/lib/python3.10/site-packages/selenium/webdriver/support/wait.py\", line 105, in until\n    raise TimeoutException(message, screen, stacktrace)\n"}, "steps": [{"name": "Подождать загрузку элемента", "status": "broken", "statusDetails": {"message": "selenium.common.exceptions.TimeoutException: Message: \nStacktrace:\n#0 0x576954f101ca <unknown>\n#1 0x576954a3ef60 <unknown>\n#2 0x576954a8ae76 <unknown>\n#3 0x576954a8b111 <unknown>\n#4 0x576954acfef4 <unknown>\n#5 0x576954aaed5d <unknown>\n#6 0x576954acd2f7 <unknown>\n#7 0x576954aaead3 <unknown>\n#8 0x576954a7db6f <unknown>\n#9 0x576954a7eb8e <unknown>\n#10 0x576954ede31f <unknown>\n#11 0x576954ee2442 <unknown>\n#12 0x576954ecc827 <unknown>\n#13 0x576954ee2bc1 <unknown>\n#14 0x576954eb368e <unknown>\n#15 0x576954efe998 <unknown>\n#16 0x576954efeb9a <unknown>\n#17 0x576954f0ee78 <unknown>\n#18 0x76e0fec29ac3 <unknown>\n\n", "trace": "  File \"/home/ivan/yandex/777/.venv/lib/python3.10/site-packages/allure_commons/_allure.py\", line 192, in impl\n    return func(*a, **kw)\n  File \"/home/ivan/yandex/777/pages/base_page.py\", line 13, in find_element_with_wait\n    return WebDriverWait(self.driver, 10).until(expected_conditions.visibility_of_element_located(locator))\n  File \"/home/ivan/yandex/777/.venv/lib/python3.10/site-packages/selenium/webdriver/support/wait.py\", line 105, in until\n    raise TimeoutException(message, screen, stacktrace)\n"}, "parameters": [{"name": "locator", "value": "('xpath', '//button[contains(text(), \"Выход\")]')"}], "start": 1732722065508, "stop": 1732722075894}], "start": 1732722065508, "stop": 1732722075895}], "parameters": [{"name": "driver", "value": "'chrome'"}], "start": 1732722058485, "stop": 1732722075896, "uuid": "0f165ede-56b1-40c0-aeb2-69125e98cd86", "historyId": "4c981dffc17c7bf2f8bbd01addeb4737", "testCaseId": "87c76ec102218e34f840940bb302abd1", "fullName": "tests.test_order_feed_page.TestOrderFeedPage#test_displaying_in_feed_new_order_from_history", "labels": [{"name": "parentSuite", "value": "tests"}, {"name": "suite", "value": "test_order_feed_page"}, {"name": "subSuite", "value": "TestOrderFeedPage"}, {"name": "host", "value": "ivan-STC"}, {"name": "thread", "value": "211754-MainThread"}, {"name": "framework", "value": "pytest"}, {"name": "language", "value": "cpython3"}, {"name": "package", "value": "tests.test_order_feed_page"}]}