{"name": "Проверка,что заказы пользователя из раздела «История заказов» отображаются на странице «Лента заказов»", "status": "broken", "statusDetails": {"message": "selenium.common.exceptions.TimeoutException: Message: \nStacktrace:\nRemoteError@chrome://remote/content/shared/RemoteError.sys.mjs:8:8\nWebDriverError@chrome://remote/content/shared/webdriver/Errors.sys.mjs:193:5\nNoSuchElementError@chrome://remote/content/shared/webdriver/Errors.sys.mjs:511:5\ndom.find/</<@chrome://remote/content/shared/DOM.sys.mjs:136:16", "trace": "self = <tests.test_order_feed_page.TestOrderFeedPage object at 0x7276afb66680>\ndriver = <selenium.webdriver.firefox.webdriver.WebDriver (session=\"be120ea5-87bb-4fcb-bf5c-08d2e13f910a\")>\ncreate_and_delete_user = ('xkyfizt@ya.ru', 'kJQL#F')\n\n    @allure.title('Проверка,что заказы пользователя из раздела «История заказов» отображаются на странице «Лента заказов»')\n    def test_displaying_in_feed_new_order_from_history(self, driver, create_and_delete_user):\n    \temail, password = create_and_delete_user\n    \taccount_page = AccountPage(driver)\n    \tfeed_page = OrderFeedPage(driver)\n    \tmain_page = MainPage(driver)\n    \tmain_page.click_button_log_in_account()\n    \taccount_page.send_email_password(email, password)\n    \taccount_page.click_login_button()\n    \tmain_page.wait_visible_checkout_button()\n    \tmain_page.drag_and_drop_ingredient_to_basket()\n    \tmain_page.click_checkout_button()\n    \tmain_page.close_modal_window_after_create_order()\n    \tmain_page.click_personal_account_link()\n>   \taccount_page.check_exit_button()\n\ntests/test_order_feed_page.py:31: \n_ _ _ _ _ _ _ _ _ _ _ _ _ _ _ _ _ _ _ _ _ _ _ _ _ _ _ _ _ _ _ _ _ _ _ _ _ _ _ _ _ _ _ _ _ _ _ _ _ _ _ _ _ _ _ _ _ _ _ _ _ _ _ _ _ _ _ _ _ _ _ _ _ _ _ _ _ _ \npages/account_page.py:35: in check_exit_button\n    self.find_element_with_wait(AccountPageLocators.BUTTON_EXIT_FROM_ACCOUNT)\npages/base_page.py:13: in find_element_with_wait\n    return WebDriverWait(self.driver, 10).until(expected_conditions.visibility_of_element_located(locator))\n_ _ _ _ _ _ _ _ _ _ _ _ _ _ _ _ _ _ _ _ _ _ _ _ _ _ _ _ _ _ _ _ _ _ _ _ _ _ _ _ _ _ _ _ _ _ _ _ _ _ _ _ _ _ _ _ _ _ _ _ _ _ _ _ _ _ _ _ _ _ _ _ _ _ _ _ _ _ \n\nself = <selenium.webdriver.support.wait.WebDriverWait (session=\"be120ea5-87bb-4fcb-bf5c-08d2e13f910a\")>\nmethod = <function visibility_of_element_located.<locals>._predicate at 0x7276afa4f0a0>, message = ''\n\n    def until(self, method: Callable[[D], Union[Literal[False], T]], message: str = \"\") -> T:\n        \"\"\"Calls the method provided with the driver as an argument until the \\\n        return value does not evaluate to ``False``.\n    \n        :param method: callable(WebDriver)\n        :param message: optional message for :exc:`TimeoutException`\n        :returns: the result of the last call to `method`\n        :raises: :exc:`selenium.common.exceptions.TimeoutException` if timeout occurs\n        \"\"\"\n        screen = None\n        stacktrace = None\n    \n        end_time = time.monotonic() + self._timeout\n        while True:\n            try:\n                value = method(self._driver)\n                if value:\n                    return value\n            except self._ignored_exceptions as exc:\n                screen = getattr(exc, \"screen\", None)\n                stacktrace = getattr(exc, \"stacktrace\", None)\n            time.sleep(self._poll)\n            if time.monotonic() > end_time:\n                break\n>       raise TimeoutException(message, screen, stacktrace)\nE       selenium.common.exceptions.TimeoutException: Message: \nE       Stacktrace:\nE       RemoteError@chrome://remote/content/shared/RemoteError.sys.mjs:8:8\nE       WebDriverError@chrome://remote/content/shared/webdriver/Errors.sys.mjs:193:5\nE       NoSuchElementError@chrome://remote/content/shared/webdriver/Errors.sys.mjs:511:5\nE       dom.find/</<@chrome://remote/content/shared/DOM.sys.mjs:136:16\n\n.venv/lib/python3.10/site-packages/selenium/webdriver/support/wait.py:105: TimeoutException"}, "steps": [{"name": "Кликнуть по кнопке \"Войти в аккаунт\" на главной", "status": "passed", "steps": [{"name": "Кликнуть на элемент", "status": "passed", "steps": [{"name": "Проверить ,что элемент кликабелен", "status": "passed", "parameters": [{"name": "locator", "value": "('xpath', '//button[ text()=\"Войти в аккаунт\" ]')"}], "start": 1732722079170, "stop": 1732722079206}], "parameters": [{"name": "locator", "value": "('xpath', '//button[ text()=\"Войти в аккаунт\" ]')"}], "start": 1732722079170, "stop": 1732722079503}], "start": 1732722079170, "stop": 1732722079503}, {"name": "Ввести Email и пароль", "status": "passed", "steps": [{"name": "Ввести значение в поле ввода", "status": "passed", "parameters": [{"name": "locator", "value": "('xpath', '//input[@name=\"name\"]')"}, {"name": "keys", "value": "'xkyfizt@ya.ru'"}], "start": 1732722079503, "stop": 1732722079531}, {"name": "Ввести значение в поле ввода", "status": "passed", "parameters": [{"name": "locator", "value": "('xpath', '//input[@name=\"Пароль\"]')"}, {"name": "keys", "value": "'kJQL#F'"}], "start": 1732722079531, "stop": 1732722079539}], "parameters": [{"name": "email", "value": "'xkyfizt@ya.ru'"}, {"name": "password", "value": "'kJQL#F'"}], "start": 1732722079503, "stop": 1732722079539}, {"name": "Кликнуть по кнопке \"Войти\"", "status": "passed", "steps": [{"name": "Кликнуть на элемент", "status": "passed", "steps": [{"name": "Проверить ,что элемент кликабелен", "status": "passed", "parameters": [{"name": "locator", "value": "('xpath', '//button[ text()=\"Войти\" ]')"}], "start": 1732722079539, "stop": 1732722079545}], "parameters": [{"name": "locator", "value": "('xpath', '//button[ text()=\"Войти\" ]')"}], "start": 1732722079539, "stop": 1732722079835}], "start": 1732722079539, "stop": 1732722079835}, {"name": "Проверка видимости кнопки Оформить заказ", "status": "passed", "steps": [{"name": "Подождать загрузку элемента", "status": "passed", "parameters": [{"name": "locator", "value": "('xpath', '//button[ text()=\"Оформить заказ\" ]')"}], "start": 1732722079835, "stop": 1732722080373}], "start": 1732722079835, "stop": 1732722080373}, {"name": "Перетащить ингредиент в конструктор бургера в корзине", "status": "passed", "steps": [{"name": "Подождать загрузку элемента", "status": "passed", "parameters": [{"name": "locator", "value": "('xpath', '//img[@alt=\"Флюоресцентная булка R2-D3\"]')"}], "start": 1732722080374, "stop": 1732722080393}, {"name": "Подождать загрузку элемента", "status": "passed", "parameters": [{"name": "locator", "value": "('xpath', '//section[contains(@class, \"BurgerConstructor_basket\")]')"}], "start": 1732722080393, "stop": 1732722080407}, {"name": "Перетащить элемент", "status": "passed", "parameters": [{"name": "from_element", "value": "<selenium.webdriver.remote.webelement.WebElement (session=\"be120ea5-87bb-4fcb-bf5c-08d2e13f910a\", element=\"04c8a753-2d71-47ad-9bad-2db49f686ce9\")>"}, {"name": "to_element", "value": "<selenium.webdriver.remote.webelement.WebElement (session=\"be120ea5-87bb-4fcb-bf5c-08d2e13f910a\", element=\"49ada74d-f70e-4a6d-99a7-ba2633f3387a\")>"}], "start": 1732722080407, "stop": 1732722084961}], "start": 1732722080374, "stop": 1732722084961}, {"name": "Кликнуть по кнопке \"Оформить заказ\" на главной", "status": "passed", "steps": [{"name": "Кликнуть на элемент", "status": "passed", "steps": [{"name": "Проверить ,что элемент кликабелен", "status": "passed", "parameters": [{"name": "locator", "value": "('xpath', '//button[ text()=\"Оформить заказ\" ]')"}], "start": 1732722084962, "stop": 1732722084993}], "parameters": [{"name": "locator", "value": "('xpath', '//button[ text()=\"Оформить заказ\" ]')"}], "start": 1732722084962, "stop": 1732722085271}], "start": 1732722084962, "stop": 1732722085271}, {"name": "Закрыть модальное окно после создания заказа", "status": "passed", "steps": [{"name": "Подождать смену текста на элементе", "status": "passed", "parameters": [{"name": "locator", "value": "('xpath', \"//button[@type='button']\")"}, {"name": "value", "value": "'9999'"}], "start": 1732722085272, "stop": 1732722085289}, {"name": "Кликнуть на элемент", "status": "passed", "steps": [{"name": "Проверить ,что элемент кликабелен", "status": "passed", "parameters": [{"name": "locator", "value": "('xpath', \"//button[@type='button']\")"}], "start": 1732722085290, "stop": 1732722085311}], "parameters": [{"name": "locator", "value": "('xpath', \"//button[@type='button']\")"}], "start": 1732722085289, "stop": 1732722085568}], "start": 1732722085271, "stop": 1732722085568}, {"name": "Кликнуть по кнопке \"Личный кабинет\" на главной", "status": "passed", "steps": [{"name": "Кликнуть на элемент", "status": "passed", "steps": [{"name": "Проверить ,что элемент кликабелен", "status": "passed", "parameters": [{"name": "locator", "value": "('xpath', '//p[contains(text(),\"Личный Кабинет\")]')"}], "start": 1732722085568, "stop": 1732722085597}], "parameters": [{"name": "locator", "value": "('xpath', '//p[contains(text(),\"Личный Кабинет\")]')"}], "start": 1732722085568, "stop": 1732722085870}], "start": 1732722085568, "stop": 1732722085870}, {"name": "Проверка отображения кнопки \"Выход\"", "status": "broken", "statusDetails": {"message": "selenium.common.exceptions.TimeoutException: Message: \nStacktrace:\nRemoteError@chrome://remote/content/shared/RemoteError.sys.mjs:8:8\nWebDriverError@chrome://remote/content/shared/webdriver/Errors.sys.mjs:193:5\nNoSuchElementError@chrome://remote/content/shared/webdriver/Errors.sys.mjs:511:5\ndom.find/</<@chrome://remote/content/shared/DOM.sys.mjs:136:16\n\n", "trace": "  File \"/home/ivan/yandex/777/.venv/lib/python3.10/site-packages/allure_commons/_allure.py\", line 192, in impl\n    return func(*a, **kw)\n  File \"/home/ivan/yandex/777/pages/account_page.py\", line 35, in check_exit_button\n    self.find_element_with_wait(AccountPageLocators.BUTTON_EXIT_FROM_ACCOUNT)\n  File \"/home/ivan/yandex/777/.venv/lib/python3.10/site-packages/allure_commons/_allure.py\", line 192, in impl\n    return func(*a, **kw)\n  File \"/home/ivan/yandex/777/pages/base_page.py\", line 13, in find_element_with_wait\n    return WebDriverWait(self.driver, 10).until(expected_conditions.visibility_of_element_located(locator))\n  File \"/home/ivan/yandex/777/.venv/lib/python3.10/site-packages/selenium/webdriver/support/wait.py\", line 105, in until\n    raise TimeoutException(message, screen, stacktrace)\n"}, "steps": [{"name": "Подождать загрузку элемента", "status": "broken", "statusDetails": {"message": "selenium.common.exceptions.TimeoutException: Message: \nStacktrace:\nRemoteError@chrome://remote/content/shared/RemoteError.sys.mjs:8:8\nWebDriverError@chrome://remote/content/shared/webdriver/Errors.sys.mjs:193:5\nNoSuchElementError@chrome://remote/content/shared/webdriver/Errors.sys.mjs:511:5\ndom.find/</<@chrome://remote/content/shared/DOM.sys.mjs:136:16\n\n", "trace": "  File \"/home/ivan/yandex/777/.venv/lib/python3.10/site-packages/allure_commons/_allure.py\", line 192, in impl\n    return func(*a, **kw)\n  File \"/home/ivan/yandex/777/pages/base_page.py\", line 13, in find_element_with_wait\n    return WebDriverWait(self.driver, 10).until(expected_conditions.visibility_of_element_located(locator))\n  File \"/home/ivan/yandex/777/.venv/lib/python3.10/site-packages/selenium/webdriver/support/wait.py\", line 105, in until\n    raise TimeoutException(message, screen, stacktrace)\n"}, "parameters": [{"name": "locator", "value": "('xpath', '//button[contains(text(), \"Выход\")]')"}], "start": 1732722085871, "stop": 1732722096024}], "start": 1732722085870, "stop": 1732722096025}], "parameters": [{"name": "driver", "value": "'firefox'"}], "start": 1732722079169, "stop": 1732722096025, "uuid": "876e91c9-4e18-4e94-83a7-987cf4bdb4bc", "historyId": "c0f95d464cf4fb900176bd8ca8a3ddc5", "testCaseId": "87c76ec102218e34f840940bb302abd1", "fullName": "tests.test_order_feed_page.TestOrderFeedPage#test_displaying_in_feed_new_order_from_history", "labels": [{"name": "parentSuite", "value": "tests"}, {"name": "suite", "value": "test_order_feed_page"}, {"name": "subSuite", "value": "TestOrderFeedPage"}, {"name": "host", "value": "ivan-STC"}, {"name": "thread", "value": "211754-MainThread"}, {"name": "framework", "value": "pytest"}, {"name": "language", "value": "cpython3"}, {"name": "package", "value": "tests.test_order_feed_page"}]}